zms@ar-esaux1 $ ./tds3x 
setScaleDraw() 
setTotalAngle() 
scaleDraw() 
layoutKnob() 
scaleDraw() 
scaleDraw() 
initKnob: width,height= 100 30 QSize(0, 0) 
setTotalAngle() 
scaleDraw() 
layoutKnob() 
scaleDraw() 
scaleDraw() 
recalcAngle() 
recalcAngle() 
rangeChange() 
layoutKnob() 
scaleDraw() 
scaleDraw() 
layoutKnob() 
scaleDraw() 
scaleDraw() 
recalcAngle() 
changeEvent() 
layoutKnob() 
scaleDraw() 
scaleDraw() 
resizeEvent():_knobWidth= 50 
layoutKnob() 
scaleDraw() 
scaleDraw() 
paintEvent() 
scaleDraw() 
drawKnob() 
drawMarker() 
paintEvent:geomety()= QRect(468,140 116x116) 
zms@ar-esaux1 $ kinit
